<?xml version="1.0" encoding="UTF-8"?>
<!-- Generated by org.testng.reporters.JUnitReportReporter -->
<testsuite hostname="BRPC444" name="com.backroads.atlas.testcases.UI.AtlasLeaderOnlyUSTest011_Dinner" tests="1" failures="0" timestamp="19 Jul 2017 00:07:28 GMT" time="16.411" errors="0">
  <testcase name="main" time="16.411" classname="com.backroads.atlas.testcases.UI.AtlasLeaderOnlyUSTest011_Dinner"/>
</testsuite> <!-- com.backroads.atlas.testcases.UI.AtlasLeaderOnlyUSTest011_Dinner -->
