<?xml version="1.0" encoding="UTF-8"?>
<!-- Generated by org.testng.reporters.JUnitReportReporter -->
<testsuite hostname="BRPC444" name="com.backroads.atlas.testcases.UI.AtlasLeaderOnlyUSTest007" tests="3" failures="0" timestamp="31 Jul 2017 22:43:59 GMT" time="423.968" errors="0">
  <testcase name="main" time="105.409" classname="com.backroads.atlas.testcases.UI.AtlasLeaderOnlyUSTest007"/>
  <testcase name="main" time="217.185" classname="com.backroads.atlas.testcases.UI.AtlasLeaderOnlyUSTest007"/>
  <testcase name="main" time="101.374" classname="com.backroads.atlas.testcases.UI.AtlasLeaderOnlyUSTest007"/>
</testsuite> <!-- com.backroads.atlas.testcases.UI.AtlasLeaderOnlyUSTest007 -->
