<?xml version="1.0" encoding="UTF-8"?>
<!-- Generated by org.testng.reporters.JUnitReportReporter -->
<testsuite hostname="BRPC444" name="com.backroads.atlas.testcases.UI.AtlasLeaderOnlyUSTest005" tests="3" failures="0" timestamp="31 Jul 2017 22:43:59 GMT" time="222.725" errors="0">
  <testcase name="main" time="109.331" classname="com.backroads.atlas.testcases.UI.AtlasLeaderOnlyUSTest005"/>
  <testcase name="main" time="71.216" classname="com.backroads.atlas.testcases.UI.AtlasLeaderOnlyUSTest005"/>
  <testcase name="main" time="42.178" classname="com.backroads.atlas.testcases.UI.AtlasLeaderOnlyUSTest005"/>
</testsuite> <!-- com.backroads.atlas.testcases.UI.AtlasLeaderOnlyUSTest005 -->
