<?xml version="1.0" encoding="UTF-8"?>
<!-- Generated by org.testng.reporters.JUnitReportReporter -->
<testsuite name="com.backroads.atlas.testcases.UI.AtlasUIRegressionTestSuite2" tests="13" time="1078.872" ignored="0" failures="0" timestamp="14 Jul 2017 21:30:40 GMT" skipped="12" hostname="BRPC444" errors="1">
  <testcase name="AtlasLeaderOnlyUSTest012" time="100.755" classname="com.backroads.atlas.testcases.UI.AtlasUIRegressionTestSuite2">
    <skipped/>
  </testcase> <!-- AtlasLeaderOnlyUSTest012 -->
  <testcase name="AtlasLeaderOnlyUSTest005" time="96.611" classname="com.backroads.atlas.testcases.UI.AtlasUIRegressionTestSuite2">
    <skipped/>
  </testcase> <!-- AtlasLeaderOnlyUSTest005 -->
  <testcase name="AtlasLeaderOnlyUSTest024" time="95.527" classname="com.backroads.atlas.testcases.UI.AtlasUIRegressionTestSuite2">
    <skipped/>
  </testcase> <!-- AtlasLeaderOnlyUSTest024 -->
  <testcase name="AtlasLeaderOnlyUSTest009" time="95.586" classname="com.backroads.atlas.testcases.UI.AtlasUIRegressionTestSuite2">
    <skipped/>
  </testcase> <!-- AtlasLeaderOnlyUSTest009 -->
  <testcase name="AtlasLeaderOnlyUSTest008" time="96.181" classname="com.backroads.atlas.testcases.UI.AtlasUIRegressionTestSuite2">
    <skipped/>
  </testcase> <!-- AtlasLeaderOnlyUSTest008 -->
  <testcase name="SetUp" time="96.587" classname="com.backroads.atlas.testcases.UI.AtlasUIRegressionTestSuite2">
    <error type="java.lang.NullPointerException">
      <![CDATA[java.lang.NullPointerException
	at com.backroads.atlas.testcases.UI.AtlasUIRegressionTestSuite2.SetUp(AtlasUIRegressionTestSuite2.java:38)
	at sun.reflect.NativeMethodAccessorImpl.invoke0(Native Method)
	at sun.reflect.NativeMethodAccessorImpl.invoke(NativeMethodAccessorImpl.java:62)
	at sun.reflect.DelegatingMethodAccessorImpl.invoke(DelegatingMethodAccessorImpl.java:43)
	at java.lang.reflect.Method.invoke(Method.java:498)
	at org.testng.internal.MethodInvocationHelper.invokeMethod(MethodInvocationHelper.java:104)
	at org.testng.internal.Invoker.invokeConfigurationMethod(Invoker.java:515)
	at org.testng.internal.Invoker.invokeConfigurations(Invoker.java:217)
	at org.testng.internal.Invoker.invokeConfigurations(Invoker.java:144)
	at org.testng.internal.TestMethodWorker.invokeBeforeClassMethods(TestMethodWorker.java:169)
	at org.testng.internal.TestMethodWorker.run(TestMethodWorker.java:108)
	at org.testng.TestRunner.privateRun(TestRunner.java:756)
	at org.testng.TestRunner.run(TestRunner.java:610)
	at org.testng.SuiteRunner.runTest(SuiteRunner.java:387)
	at org.testng.SuiteRunner.runSequentially(SuiteRunner.java:382)
	at org.testng.SuiteRunner.privateRun(SuiteRunner.java:340)
	at org.testng.SuiteRunner.run(SuiteRunner.java:289)
	at org.testng.SuiteRunnerWorker.runSuite(SuiteRunnerWorker.java:52)
	at org.testng.SuiteRunnerWorker.run(SuiteRunnerWorker.java:86)
	at org.testng.TestNG.runSuitesSequentially(TestNG.java:1293)
	at org.testng.TestNG.runSuitesLocally(TestNG.java:1218)
	at org.testng.TestNG.runSuites(TestNG.java:1133)
	at org.testng.TestNG.run(TestNG.java:1104)
	at org.apache.maven.surefire.testng.TestNGExecutor.run(TestNGExecutor.java:295)
	at org.apache.maven.surefire.testng.TestNGXmlTestSuite.execute(TestNGXmlTestSuite.java:84)
	at org.apache.maven.surefire.testng.TestNGProvider.invoke(TestNGProvider.java:90)
	at org.apache.maven.surefire.booter.ForkedBooter.invokeProviderInSameClassLoader(ForkedBooter.java:203)
	at org.apache.maven.surefire.booter.ForkedBooter.runSuitesInProcess(ForkedBooter.java:155)
	at org.apache.maven.surefire.booter.ForkedBooter.main(ForkedBooter.java:103)
]]>
    </error>
  </testcase> <!-- SetUp -->
  <testcase name="AtlasLeaderOnlyUSTest014" time="100.924" classname="com.backroads.atlas.testcases.UI.AtlasUIRegressionTestSuite2">
    <skipped/>
  </testcase> <!-- AtlasLeaderOnlyUSTest014 -->
  <testcase name="AtlasLeaderOnlyUSTest007" time="97.094" classname="com.backroads.atlas.testcases.UI.AtlasUIRegressionTestSuite2">
    <skipped/>
  </testcase> <!-- AtlasLeaderOnlyUSTest007 -->
  <testcase name="AtlasLeaderOnlyUSTest011_Dinner" time="96.676" classname="com.backroads.atlas.testcases.UI.AtlasUIRegressionTestSuite2">
    <skipped/>
  </testcase> <!-- AtlasLeaderOnlyUSTest011_Dinner -->
  <testcase name="AtlasLeaderOnlyUSTest012" time="102.768" classname="com.backroads.atlas.testcases.UI.AtlasUIRegressionTestSuite2">
    <skipped/>
  </testcase> <!-- AtlasLeaderOnlyUSTest012 -->
  <testcase name="AtlasLeaderOnlyUSTest014" time="3.852" classname="com.backroads.atlas.testcases.UI.AtlasUIRegressionTestSuite2">
    <skipped/>
  </testcase> <!-- AtlasLeaderOnlyUSTest014 -->
  <testcase name="AtlasLeaderOnlyUSTest011_Regular" time="96.311" classname="com.backroads.atlas.testcases.UI.AtlasUIRegressionTestSuite2">
    <skipped/>
  </testcase> <!-- AtlasLeaderOnlyUSTest011_Regular -->
  <testcase name="AtlasLeaderOnlyUSTest017" time="0.000" classname="com.backroads.atlas.testcases.UI.AtlasUIRegressionTestSuite2">
    <skipped/>
  </testcase> <!-- AtlasLeaderOnlyUSTest017 -->
</testsuite> <!-- com.backroads.atlas.testcases.UI.AtlasUIRegressionTestSuite2 -->
