<?xml version="1.0" encoding="UTF-8"?>
<!-- Generated by org.testng.reporters.JUnitReportReporter -->
<testsuite hostname="BRPC444" name="com.backroads.atlas.testcases.UI.AtlasLeaderOnlyUSTest008" tests="1" failures="1" timestamp="19 Jul 2017 00:07:28 GMT" time="12.533" errors="0">
  <testcase name="main" time="12.533" classname="com.backroads.atlas.testcases.UI.AtlasLeaderOnlyUSTest008">
    <failure type="java.lang.AssertionError" message="expected [I have reviewed my time records for the week/pay period noted. The time records accurately reflect the total hours worked in the work week, and, for work done in the State of California, for the date noted. For work outside of California, I understand that as long as the total time I worked for the week is accurate, I need not make adjustments that would otherwise cancel each other out in that workweek although I can if I want (e.g., add 1 hour to Wednesday and subtract 1 hour from Thursday).
Where necessary to conform to the actual hours worked, I have adjusted the estimated times up or down to reflect those hours I actually worked.
I have recorded all time worked, and I understand that it is against the policy of Backroads Utah to work off the clock; and I have not done so.
I am familiar with Backroads Utah&#039;s meal and rest period policy. I have been provided meal and rest periods on a daily basis in this pay period that are consistent with that policy. I understand the procedure for reporting when I did not receive a meal or rest period, and I have utilized that procedure to report any such situation on any particular day.] but found [I have reviewed my time records for the week/pay period noted. The time records accurately reflect the total hours worked in the work week, and, for work done in the State of California, for the date noted. For work outside of California, I understand that as long as the total time I worked for the week is accurate, I need not make adjustments that would otherwise cancel each other out in that workweek although I can if I want (e.g., add 1 hour to Wednesday and subtract 1 hour from Thursday).
Where necessary to conform to the actual hours worked, I have adjusted the estimated times up or down to reflect those hours I actually worked.
I have recorded all time worked, and I understand that it is against the policy of Backroads Utah to work off the clock; and I have not done so.
I am familiar with Backroads Utah’s meal and rest period policy. I have been provided meal and rest periods on a daily basis in this pay period that are consistent with that policy. I understand the procedure for reporting when I did not receive a meal or rest period, and I have utilized that procedure to report any such situation on any particular day.]">
      <![CDATA[java.lang.AssertionError: expected [I have reviewed my time records for the week/pay period noted. The time records accurately reflect the total hours worked in the work week, and, for work done in the State of California, for the date noted. For work outside of California, I understand that as long as the total time I worked for the week is accurate, I need not make adjustments that would otherwise cancel each other out in that workweek although I can if I want (e.g., add 1 hour to Wednesday and subtract 1 hour from Thursday).
Where necessary to conform to the actual hours worked, I have adjusted the estimated times up or down to reflect those hours I actually worked.
I have recorded all time worked, and I understand that it is against the policy of Backroads Utah to work off the clock; and I have not done so.
I am familiar with Backroads Utah's meal and rest period policy. I have been provided meal and rest periods on a daily basis in this pay period that are consistent with that policy. I understand the procedure for reporting when I did not receive a meal or rest period, and I have utilized that procedure to report any such situation on any particular day.] but found [I have reviewed my time records for the week/pay period noted. The time records accurately reflect the total hours worked in the work week, and, for work done in the State of California, for the date noted. For work outside of California, I understand that as long as the total time I worked for the week is accurate, I need not make adjustments that would otherwise cancel each other out in that workweek although I can if I want (e.g., add 1 hour to Wednesday and subtract 1 hour from Thursday).
Where necessary to conform to the actual hours worked, I have adjusted the estimated times up or down to reflect those hours I actually worked.
I have recorded all time worked, and I understand that it is against the policy of Backroads Utah to work off the clock; and I have not done so.
I am familiar with Backroads Utah’s meal and rest period policy. I have been provided meal and rest periods on a daily basis in this pay period that are consistent with that policy. I understand the procedure for reporting when I did not receive a meal or rest period, and I have utilized that procedure to report any such situation on any particular day.]
	at org.testng.Assert.fail(Assert.java:94)
	at org.testng.Assert.failNotEquals(Assert.java:513)
	at org.testng.Assert.assertEqualsImpl(Assert.java:135)
	at org.testng.Assert.assertEquals(Assert.java:116)
	at org.testng.Assert.assertEquals(Assert.java:190)
	at org.testng.Assert.assertEquals(Assert.java:200)
	at com.backroads.atlas.testcases.UI.AtlasLeaderOnlyUSTest008.main(AtlasLeaderOnlyUSTest008.java:38)
	at sun.reflect.NativeMethodAccessorImpl.invoke0(Native Method)
	at sun.reflect.NativeMethodAccessorImpl.invoke(NativeMethodAccessorImpl.java:62)
	at sun.reflect.DelegatingMethodAccessorImpl.invoke(DelegatingMethodAccessorImpl.java:43)
	at java.lang.reflect.Method.invoke(Method.java:498)
	at org.testng.internal.MethodInvocationHelper.invokeMethod(MethodInvocationHelper.java:86)
	at org.testng.internal.Invoker.invokeMethod(Invoker.java:643)
	at org.testng.internal.Invoker.invokeTestMethod(Invoker.java:820)
	at org.testng.internal.Invoker.invokeTestMethods(Invoker.java:1128)
	at org.testng.internal.TestMethodWorker.invokeTestMethods(TestMethodWorker.java:129)
	at org.testng.internal.TestMethodWorker.run(TestMethodWorker.java:112)
	at org.testng.TestRunner.privateRun(TestRunner.java:782)
	at org.testng.TestRunner.run(TestRunner.java:632)
	at org.testng.SuiteRunner.runTest(SuiteRunner.java:366)
	at org.testng.SuiteRunner.runSequentially(SuiteRunner.java:361)
	at org.testng.SuiteRunner.privateRun(SuiteRunner.java:319)
	at org.testng.SuiteRunner.run(SuiteRunner.java:268)
	at org.testng.SuiteRunnerWorker.runSuite(SuiteRunnerWorker.java:52)
	at org.testng.SuiteRunnerWorker.run(SuiteRunnerWorker.java:86)
	at org.testng.TestNG.runSuitesSequentially(TestNG.java:1244)
	at org.testng.TestNG.runSuitesLocally(TestNG.java:1169)
	at org.testng.TestNG.run(TestNG.java:1064)
	at org.apache.maven.surefire.testng.TestNGExecutor.run(TestNGExecutor.java:295)
	at org.apache.maven.surefire.testng.TestNGXmlTestSuite.execute(TestNGXmlTestSuite.java:84)
	at org.apache.maven.surefire.testng.TestNGProvider.invoke(TestNGProvider.java:90)
	at org.apache.maven.surefire.booter.ForkedBooter.invokeProviderInSameClassLoader(ForkedBooter.java:203)
	at org.apache.maven.surefire.booter.ForkedBooter.runSuitesInProcess(ForkedBooter.java:155)
	at org.apache.maven.surefire.booter.ForkedBooter.main(ForkedBooter.java:103)
]]>
    </failure>
  </testcase> <!-- main -->
</testsuite> <!-- com.backroads.atlas.testcases.UI.AtlasLeaderOnlyUSTest008 -->
